<?xml version="1.0" encoding="UTF-8"?>
<!-- Generated by org.testng.reporters.JUnitReportReporter -->
<testsuite hostname="LAPTOP-GV5T9NQH" failures="0" tests="1" name="GreenCartFramework.StandAlone.StandAloneTest" time="17.979" errors="0" timestamp="2025-04-21T20:54:01 IST" skipped="0">
  <testcase classname="GreenCartFramework.StandAlone.StandAloneTest" name="TenderOrder" time="17.979"/>
</testsuite> <!-- GreenCartFramework.StandAlone.StandAloneTest -->
